Fontconfig warning: ignoring C.UTF-8: not a valid language tag
[INFO  - 2017-06-24T08:50:12.129Z] GhostDriver - Main - running on port 35479
[INFO  - 2017-06-24T08:50:12.382Z] Session [227b3270-58ba-11e7-8352-6f48e4a24f76] - page.settings - {"XSSAuditingEnabled":false,"javascriptCanCloseWindows":true,"javascriptCanOpenWindows":true,"javascriptEnabled":true,"loadImages":true,"localToRemoteUrlAccessEnabled":false,"userAgent":"Mozilla/5.0 (Unknown; Linux x86_64) AppleWebKit/538.1 (KHTML, like Gecko) PhantomJS/2.1.1 Safari/538.1","webSecurityEnabled":true}
[INFO  - 2017-06-24T08:50:12.382Z] Session [227b3270-58ba-11e7-8352-6f48e4a24f76] - page.customHeaders:  - {}
[INFO  - 2017-06-24T08:50:12.382Z] Session [227b3270-58ba-11e7-8352-6f48e4a24f76] - Session.negotiatedCapabilities - {"browserName":"phantomjs","version":"2.1.1","driverName":"ghostdriver","driverVersion":"1.2.0","platform":"linux-unknown-64bit","javascriptEnabled":true,"takesScreenshot":true,"handlesAlerts":false,"databaseEnabled":false,"locationContextEnabled":false,"applicationCacheEnabled":false,"browserConnectionEnabled":false,"cssSelectorsEnabled":true,"webStorageEnabled":false,"rotatable":false,"acceptSslCerts":false,"nativeEvents":true,"proxy":{"proxyType":"direct"}}
[INFO  - 2017-06-24T08:50:12.382Z] SessionManagerReqHand - _postNewSessionCommand - New Session Created: 227b3270-58ba-11e7-8352-6f48e4a24f76
[ERROR - 2017-06-24T08:50:21.681Z] Session [227b3270-58ba-11e7-8352-6f48e4a24f76] - page.onError - msg: [object Object]

  phantomjs://platform/console++.js:263 in error
[ERROR - 2017-06-24T08:50:21.681Z] Session [227b3270-58ba-11e7-8352-6f48e4a24f76] - page.onError - stack:
  error (https://www.googletagmanager.com/gtm.js?id=GTM-NVQ3PV:77)
  onerror (https://www.googletagmanager.com/gtm.js?id=GTM-NVQ3PV:84)
  replaceChild (:0)
  Qb (https://www.googletagmanager.com/gtm.js?id=GTM-NVQ3PV:84)
  kc (https://www.googletagmanager.com/gtm.js?id=GTM-NVQ3PV:83)
  Jb (https://www.googletagmanager.com/gtm.js?id=GTM-NVQ3PV:81)
  Sa (https://www.googletagmanager.com/gtm.js?id=GTM-NVQ3PV:79)
  write (https://www.googletagmanager.com/gtm.js?id=GTM-NVQ3PV:78)
  k (https://www.googletagmanager.com/gtm.js?id=GTM-NVQ3PV:85)
  write (https://www.googletagmanager.com/gtm.js?id=GTM-NVQ3PV:85)
  (anonymous function) (https://dex.advg.jp/dx/p/free0?_aid=2865&_free=4388&_del=1:14)

  phantomjs://platform/console++.js:263 in error
[ERROR - 2017-06-24T08:50:21.682Z] Session [227b3270-58ba-11e7-8352-6f48e4a24f76] - page.onError - msg: [object Object]

  phantomjs://platform/console++.js:263 in error
[ERROR - 2017-06-24T08:50:21.682Z] Session [227b3270-58ba-11e7-8352-6f48e4a24f76] - page.onError - stack:
  error (https://www.googletagmanager.com/gtm.js?id=GTM-NVQ3PV:77)
  onerror (https://www.googletagmanager.com/gtm.js?id=GTM-NVQ3PV:85)
  replaceChild (:0)
  Qb (https://www.googletagmanager.com/gtm.js?id=GTM-NVQ3PV:84)
  kc (https://www.googletagmanager.com/gtm.js?id=GTM-NVQ3PV:83)
  Jb (https://www.googletagmanager.com/gtm.js?id=GTM-NVQ3PV:81)
  Sa (https://www.googletagmanager.com/gtm.js?id=GTM-NVQ3PV:79)
  write (https://www.googletagmanager.com/gtm.js?id=GTM-NVQ3PV:78)
  k (https://www.googletagmanager.com/gtm.js?id=GTM-NVQ3PV:85)
  write (https://www.googletagmanager.com/gtm.js?id=GTM-NVQ3PV:85)
  (anonymous function) (https://dex.advg.jp/dx/p/free0?_aid=2865&_free=4388&_del=1:14)

  phantomjs://platform/console++.js:263 in error
